<?xml version="1.0" encoding="UTF-8"?>
<coverage generated="1418119608">
  <project timestamp="1418119608">
    <package name="Chrismou\Phergie\Plugin\Google">
      <file name="/home/mou/www/phergie/phergie-irc-plugin-react-google/src/Plugin.php">
        <class name="Plugin" namespace="Chrismou\Phergie\Plugin\Google" fullPackage="Chrismou" category="Phergie" package="Chrismou">
          <metrics methods="10" coveredmethods="9" conditionals="0" coveredconditionals="0" statements="35" coveredstatements="33" elements="45" coveredelements="42"/>
        </class>
        <line num="49" type="method" name="__construct" crap="3" count="6"/>
        <line num="51" type="stmt" count="6"/>
        <line num="52" type="stmt" count="6"/>
        <line num="60" type="method" name="getSubscribedEvents" crap="2" count="1"/>
        <line num="62" type="stmt" count="1"/>
        <line num="63" type="stmt" count="1"/>
        <line num="64" type="stmt" count="1"/>
        <line num="65" type="stmt" count="1"/>
        <line num="66" type="stmt" count="1"/>
        <line num="68" type="stmt" count="1"/>
        <line num="78" type="method" name="handleCommand" crap="3" count="2"/>
        <line num="80" type="stmt" count="2"/>
        <line num="82" type="stmt" count="2"/>
        <line num="83" type="stmt" count="2"/>
        <line num="84" type="stmt" count="2"/>
        <line num="85" type="stmt" count="2"/>
        <line num="86" type="stmt" count="2"/>
        <line num="95" type="method" name="handleCommandHelp" crap="3" count="2"/>
        <line num="98" type="stmt" count="2"/>
        <line num="99" type="stmt" count="2"/>
        <line num="101" type="stmt" count="2"/>
        <line num="102" type="stmt" count="2"/>
        <line num="103" type="stmt" count="2"/>
        <line num="104" type="stmt" count="2"/>
        <line num="113" type="method" name="getProvider" crap="3" count="4"/>
        <line num="115" type="stmt" count="4"/>
        <line num="127" type="method" name="getApiRequest" crap="1" count="2"/>
        <line num="129" type="stmt" count="2"/>
        <line num="131" type="stmt" count="2"/>
        <line num="132" type="stmt" count="2"/>
        <line num="134" type="stmt" count="2"/>
        <line num="135" type="stmt" count="2"/>
        <line num="136" type="method" name="anonymous function" crap="2" count="0"/>
        <line num="137" type="stmt" count="0"/>
        <line num="138" type="stmt" count="0"/>
        <line num="139" type="stmt" count="2"/>
        <line num="150" type="method" name="sendIrcResponse" crap="2" count="4"/>
        <line num="152" type="stmt" count="4"/>
        <line num="153" type="stmt" count="4"/>
        <line num="154" type="stmt" count="4"/>
        <line num="155" type="stmt" count="4"/>
        <line num="165" type="method" name="sendIrcResponseLine" crap="1" count="4"/>
        <line num="167" type="stmt" count="4"/>
        <line num="168" type="stmt" count="4"/>
        <line num="174" type="method" name="getProviders" crap="1" count="1"/>
        <line num="176" type="stmt" count="1"/>
        <metrics loc="179" ncloc="103" classes="1" methods="10" coveredmethods="9" conditionals="0" coveredconditionals="0" statements="36" coveredstatements="34" elements="46" coveredelements="43"/>
      </file>
    </package>
    <file name="/home/mou/www/phergie/phergie-irc-plugin-react-google/src/Provider/GoogleProviderInterface.php">
      <metrics loc="27" ncloc="19" classes="0" methods="0" coveredmethods="0" conditionals="0" coveredconditionals="0" statements="0" coveredstatements="0" elements="0" coveredelements="0"/>
    </file>
    <package name="Chrismou\Phergie\Plugin\Google\Provider">
      <file name="/home/mou/www/phergie/phergie-irc-plugin-react-google/src/Provider/GoogleSearch.php">
        <class name="GoogleSearch" namespace="Chrismou\Phergie\Plugin\Google\Provider" fullPackage="Chrismou" category="Phergie" package="Chrismou">
          <metrics methods="5" coveredmethods="3" conditionals="0" coveredconditionals="0" statements="23" coveredstatements="21" elements="28" coveredelements="24"/>
        </class>
        <line num="33" type="method" name="validateParams" crap="2" count="2"/>
        <line num="35" type="stmt" count="2"/>
        <line num="45" type="method" name="getApiRequestUrl" crap="1" count="2"/>
        <line num="47" type="stmt" count="2"/>
        <line num="48" type="stmt" count="2"/>
        <line num="51" type="stmt" count="2"/>
        <line num="53" type="stmt" count="2"/>
        <line num="55" type="stmt" count="2"/>
        <line num="66" type="method" name="getSuccessLines" crap="2.00" count="1"/>
        <line num="68" type="stmt" count="1"/>
        <line num="69" type="stmt" count="1"/>
        <line num="71" type="stmt" count="1"/>
        <line num="73" type="stmt" count="1"/>
        <line num="74" type="stmt" count="1"/>
        <line num="75" type="stmt" count="1"/>
        <line num="76" type="stmt" count="1"/>
        <line num="77" type="stmt" count="1"/>
        <line num="78" type="stmt" count="1"/>
        <line num="79" type="stmt" count="1"/>
        <line num="81" type="stmt" count="1"/>
        <line num="82" type="stmt" count="0"/>
        <line num="85" type="stmt" count="1"/>
        <line num="96" type="method" name="getFailureLines" crap="2" count="0"/>
        <line num="99" type="stmt" count="0"/>
        <line num="107" type="method" name="getHelpLines" crap="1" count="2"/>
        <line num="110" type="stmt" count="2"/>
        <line num="111" type="stmt" count="2"/>
        <line num="113" type="stmt" count="2"/>
        <metrics loc="115" ncloc="65" classes="1" methods="5" coveredmethods="3" conditionals="0" coveredconditionals="0" statements="23" coveredstatements="21" elements="28" coveredelements="24"/>
      </file>
      <file name="/home/mou/www/phergie/phergie-irc-plugin-react-google/src/Provider/GoogleSearchCount.php">
        <class name="GoogleSearchCount" namespace="Chrismou\Phergie\Plugin\Google\Provider" fullPackage="Chrismou" category="Phergie" package="Chrismou">
          <metrics methods="2" coveredmethods="1" conditionals="0" coveredconditionals="0" statements="12" coveredstatements="9" elements="14" coveredelements="10"/>
        </class>
        <line num="32" type="method" name="getSuccessLines" crap="2" count="1"/>
        <line num="34" type="stmt" count="1"/>
        <line num="35" type="stmt" count="1"/>
        <line num="37" type="stmt" count="1"/>
        <line num="39" type="stmt" count="1"/>
        <line num="40" type="stmt" count="1"/>
        <line num="41" type="stmt" count="1"/>
        <line num="42" type="stmt" count="1"/>
        <line num="43" type="stmt" count="1"/>
        <line num="45" type="stmt" count="1"/>
        <line num="53" type="method" name="getHelpLines" crap="2" count="0"/>
        <line num="56" type="stmt" count="0"/>
        <line num="57" type="stmt" count="0"/>
        <line num="59" type="stmt" count="0"/>
        <metrics loc="61" ncloc="34" classes="1" methods="2" coveredmethods="1" conditionals="0" coveredconditionals="0" statements="12" coveredstatements="9" elements="14" coveredelements="10"/>
      </file>
    </package>
    <metrics files="4" loc="382" ncloc="221" classes="3" methods="17" coveredmethods="13" conditionals="0" coveredconditionals="0" statements="71" coveredstatements="64" elements="88" coveredelements="77"/>
  </project>
</coverage>
